<?xml version="1.0" encoding="UTF-8"?>
<testng-results skipped="0" failed="0" ignored="0" total="1" passed="1">
  <reporter-output>
    <line>
      <![CDATA[                                                                                              ]]>
    </line>
    <line>
      <![CDATA[*********************Scenario Name: Delete items from ToDo list having Multiple Items*********************]]>
    </line>
    <line>
      <![CDATA[                                                                                              ]]>
    </line>
    <line>
      <![CDATA[*********************Scenario Name: Mark items as Completed in ToDo list having Multiple Items*********************]]>
    </line>
    <line>
      <![CDATA[                                                                                              ]]>
    </line>
    <line>
      <![CDATA[*********************Scenario Name: Check functionality of Active button in the ToDo list*********************]]>
    </line>
    <line>
      <![CDATA[                                                                                              ]]>
    </line>
    <line>
      <![CDATA[*********************Scenario Name: Check functionality of Completed button in the ToDo list*********************]]>
    </line>
    <line>
      <![CDATA[                                                                                              ]]>
    </line>
    <line>
      <![CDATA[*********************Scenario Name: Check functionality of Clear Completed button in the ToDo list*********************]]>
    </line>
    <line>
      <![CDATA[                                                                                              ]]>
    </line>
    <line>
      <![CDATA[*********************Scenario Name: Mark items as Completed in ToDo list having Single Item*********************]]>
    </line>
    <line>
      <![CDATA[                                                                                              ]]>
    </line>
    <line>
      <![CDATA[*********************Scenario Name: Delete item from ToDo list having Single Item*********************]]>
    </line>
  </reporter-output>
  <suite name="Default suite" duration-ms="79660" started-at="2022-07-30T15:26:21Z" finished-at="2022-07-30T15:27:41Z">
    <groups>
      <group name="cucumber">
        <method signature="AbstractTestNGCucumberTests.feature(cucumber.api.testng.CucumberFeatureWrapper)[pri:0, instance:runner.TestRunner@57fffcd7]" name="feature" class="cucumber.api.testng.AbstractTestNGCucumberTests"/>
      </group> <!-- cucumber -->
    </groups>
    <test name="Default test" duration-ms="79660" started-at="2022-07-30T15:26:21Z" finished-at="2022-07-30T15:27:41Z">
      <class name="runner.TestRunner">
        <test-method status="PASS" signature="setUpClass()[pri:0, instance:runner.TestRunner@57fffcd7]" name="setUpClass" is-config="true" duration-ms="231" started-at="2022-07-30T15:26:21Z" finished-at="2022-07-30T15:26:21Z">
          <reporter-output>
          </reporter-output>
        </test-method> <!-- setUpClass -->
        <test-method status="PASS" signature="feature(cucumber.api.testng.CucumberFeatureWrapper)[pri:0, instance:runner.TestRunner@57fffcd7]" name="feature" duration-ms="79234" started-at="2022-07-30T15:26:21Z" description="Runs Cucumber Feature" data-provider="features" finished-at="2022-07-30T15:27:41Z">
          <params>
            <param index="0">
              <value>
                <![CDATA[Test various features of the ToDo list page]]>
              </value>
            </param>
          </params>
          <reporter-output>
            <line>
              <![CDATA[                                                                                              ]]>
            </line>
            <line>
              <![CDATA[*********************Scenario Name: Delete items from ToDo list having Multiple Items*********************]]>
            </line>
            <line>
              <![CDATA[                                                                                              ]]>
            </line>
            <line>
              <![CDATA[*********************Scenario Name: Mark items as Completed in ToDo list having Multiple Items*********************]]>
            </line>
            <line>
              <![CDATA[                                                                                              ]]>
            </line>
            <line>
              <![CDATA[*********************Scenario Name: Check functionality of Active button in the ToDo list*********************]]>
            </line>
            <line>
              <![CDATA[                                                                                              ]]>
            </line>
            <line>
              <![CDATA[*********************Scenario Name: Check functionality of Completed button in the ToDo list*********************]]>
            </line>
            <line>
              <![CDATA[                                                                                              ]]>
            </line>
            <line>
              <![CDATA[*********************Scenario Name: Check functionality of Clear Completed button in the ToDo list*********************]]>
            </line>
            <line>
              <![CDATA[                                                                                              ]]>
            </line>
            <line>
              <![CDATA[*********************Scenario Name: Mark items as Completed in ToDo list having Single Item*********************]]>
            </line>
            <line>
              <![CDATA[                                                                                              ]]>
            </line>
            <line>
              <![CDATA[*********************Scenario Name: Delete item from ToDo list having Single Item*********************]]>
            </line>
          </reporter-output>
        </test-method> <!-- feature -->
        <test-method status="PASS" signature="tearDownClass()[pri:0, instance:runner.TestRunner@57fffcd7]" name="tearDownClass" is-config="true" duration-ms="78" started-at="2022-07-30T15:27:41Z" finished-at="2022-07-30T15:27:41Z">
          <reporter-output>
          </reporter-output>
        </test-method> <!-- tearDownClass -->
      </class> <!-- runner.TestRunner -->
    </test> <!-- Default test -->
  </suite> <!-- Default suite -->
</testng-results>
